Performing C SOURCE FILE Test CMAKE_HAVE_LIBC_PTHREAD failed with the following output:
Change Dir: /media/diane/My Passport/UMD Masters/Fall 2021/ENPM 808X/Assignments/Midterm/ACME_perception_proposal/cmake-build-debug/CMakeFiles/CMakeTmp

Run Build Command(s):/usr/bin/make -f Makefile cmTC_b7e1b/fast && /usr/bin/make  -f CMakeFiles/cmTC_b7e1b.dir/build.make CMakeFiles/cmTC_b7e1b.dir/build
make[1]: Entering directory '/media/diane/My Passport/UMD Masters/Fall 2021/ENPM 808X/Assignments/Midterm/ACME_perception_proposal/cmake-build-debug/CMakeFiles/CMakeTmp'
Building C object CMakeFiles/cmTC_b7e1b.dir/src.c.o
/usr/bin/cc -DCMAKE_HAVE_LIBC_PTHREAD   -o CMakeFiles/cmTC_b7e1b.dir/src.c.o -c "/media/diane/My Passport/UMD Masters/Fall 2021/ENPM 808X/Assignments/Midterm/ACME_perception_proposal/cmake-build-debug/CMakeFiles/CMakeTmp/src.c"
Linking C executable cmTC_b7e1b
/snap/clion/169/bin/cmake/linux/bin/cmake -E cmake_link_script CMakeFiles/cmTC_b7e1b.dir/link.txt --verbose=1
/usr/bin/cc -rdynamic CMakeFiles/cmTC_b7e1b.dir/src.c.o -o cmTC_b7e1b 
CMakeFiles/cmTC_b7e1b.dir/src.c.o: In function `main':
src.c:(.text+0x3e): undefined reference to `pthread_create'
src.c:(.text+0x4a): undefined reference to `pthread_detach'
src.c:(.text+0x56): undefined reference to `pthread_cancel'
src.c:(.text+0x67): undefined reference to `pthread_join'
src.c:(.text+0x7b): undefined reference to `pthread_atfork'
collect2: error: ld returned 1 exit status
CMakeFiles/cmTC_b7e1b.dir/build.make:98: recipe for target 'cmTC_b7e1b' failed
make[1]: *** [cmTC_b7e1b] Error 1
make[1]: Leaving directory '/media/diane/My Passport/UMD Masters/Fall 2021/ENPM 808X/Assignments/Midterm/ACME_perception_proposal/cmake-build-debug/CMakeFiles/CMakeTmp'
Makefile:127: recipe for target 'cmTC_b7e1b/fast' failed
make: *** [cmTC_b7e1b/fast] Error 2


Source file was:
#include <pthread.h>

static void* test_func(void* data)
{
  return data;
}

int main(void)
{
  pthread_t thread;
  pthread_create(&thread, NULL, test_func, NULL);
  pthread_detach(thread);
  pthread_cancel(thread);
  pthread_join(thread, NULL);
  pthread_atfork(NULL, NULL, NULL);
  pthread_exit(NULL);

  return 0;
}

Determining if the function pthread_create exists in the pthreads failed with the following output:
Change Dir: /media/diane/My Passport/UMD Masters/Fall 2021/ENPM 808X/Assignments/Midterm/ACME_perception_proposal/cmake-build-debug/CMakeFiles/CMakeTmp

Run Build Command(s):/usr/bin/make -f Makefile cmTC_3dc01/fast && /usr/bin/make  -f CMakeFiles/cmTC_3dc01.dir/build.make CMakeFiles/cmTC_3dc01.dir/build
make[1]: Entering directory '/media/diane/My Passport/UMD Masters/Fall 2021/ENPM 808X/Assignments/Midterm/ACME_perception_proposal/cmake-build-debug/CMakeFiles/CMakeTmp'
Building C object CMakeFiles/cmTC_3dc01.dir/CheckFunctionExists.c.o
/usr/bin/cc   -DCHECK_FUNCTION_EXISTS=pthread_create -o CMakeFiles/cmTC_3dc01.dir/CheckFunctionExists.c.o -c /snap/clion/169/bin/cmake/linux/share/cmake-3.20/Modules/CheckFunctionExists.c
Linking C executable cmTC_3dc01
/snap/clion/169/bin/cmake/linux/bin/cmake -E cmake_link_script CMakeFiles/cmTC_3dc01.dir/link.txt --verbose=1
/usr/bin/cc  -DCHECK_FUNCTION_EXISTS=pthread_create -rdynamic CMakeFiles/cmTC_3dc01.dir/CheckFunctionExists.c.o -o cmTC_3dc01  -lpthreads 
/usr/bin/ld: cannot find -lpthreads
collect2: error: ld returned 1 exit status
CMakeFiles/cmTC_3dc01.dir/build.make:98: recipe for target 'cmTC_3dc01' failed
make[1]: *** [cmTC_3dc01] Error 1
make[1]: Leaving directory '/media/diane/My Passport/UMD Masters/Fall 2021/ENPM 808X/Assignments/Midterm/ACME_perception_proposal/cmake-build-debug/CMakeFiles/CMakeTmp'
Makefile:127: recipe for target 'cmTC_3dc01/fast' failed
make: *** [cmTC_3dc01/fast] Error 2



